#
# There is insufficient memory for the Java Runtime Environment to continue.
# Native memory allocation (malloc) failed to allocate 928816 bytes for Chunk::new
# Possible reasons:
#   The system is out of physical RAM or swap space
#   In 32 bit mode, the process size limit was hit
# Possible solutions:
#   Reduce memory load on the system
#   Increase physical memory or swap space
#   Check if swap backing store is full
#   Use 64 bit Java on a 64 bit OS
#   Decrease Java heap size (-Xmx/-Xms)
#   Decrease number of Java threads
#   Decrease Java thread stack sizes (-Xss)
#   Set larger code cache with -XX:ReservedCodeCacheSize=
# This output file may be truncated or incomplete.
#
#  Out of Memory Error (allocation.cpp:390), pid=5896, tid=6552
#
# JRE version: Java(TM) SE Runtime Environment (8.0_25-b18) (build 1.8.0_25-b18)
# Java VM: Java HotSpot(TM) 64-Bit Server VM (25.25-b02 mixed mode windows-amd64 compressed oops)
# Failed to write core dump. Minidumps are not enabled by default on client versions of Windows
#

---------------  T H R E A D  ---------------

Current thread (0x0000000016b9a800):  JavaThread "C2 CompilerThread0" daemon [_thread_in_native, id=6552, stack(0x0000000017170000,0x0000000017270000)]

Stack: [0x0000000017170000,0x0000000017270000]
Native frames: (J=compiled Java code, j=interpreted, Vv=VM code, C=native code)
V  [jvm.dll+0x31667a]


Current CompileTask:
C2:   1100 2198       4       com.android.dex.EncodedValueReader::skipValue (348 bytes)


---------------  P R O C E S S  ---------------

Java Threads: ( => current thread )
  0x00000000005ae000 JavaThread "DestroyJavaVM" [_thread_blocked, id=7916, stack(0x0000000001db0000,0x0000000001eb0000)]
  0x0000000016c3b800 JavaThread "Service Thread" daemon [_thread_blocked, id=4612, stack(0x0000000017570000,0x0000000017670000)]
  0x0000000016ba7000 JavaThread "C1 CompilerThread3" daemon [_thread_blocked, id=3860, stack(0x0000000017470000,0x0000000017570000)]
  0x0000000016ba4000 JavaThread "C2 CompilerThread2" daemon [_thread_in_native, id=1148, stack(0x0000000017370000,0x0000000017470000)]
  0x0000000016b9d800 JavaThread "C2 CompilerThread1" daemon [_thread_in_native, id=7796, stack(0x0000000017270000,0x0000000017370000)]
=>0x0000000016b9a800 JavaThread "C2 CompilerThread0" daemon [_thread_in_native, id=6552, stack(0x0000000017170000,0x0000000017270000)]
  0x0000000016b95800 JavaThread "Attach Listener" daemon [_thread_blocked, id=4568, stack(0x0000000017070000,0x0000000017170000)]
  0x0000000016b95000 JavaThread "Signal Dispatcher" daemon [_thread_blocked, id=7868, stack(0x0000000016f70000,0x0000000017070000)]
  0x0000000002088800 JavaThread "Finalizer" daemon [_thread_blocked, id=1132, stack(0x0000000016a70000,0x0000000016b70000)]
  0x0000000002082000 JavaThread "Reference Handler" daemon [_thread_blocked, id=6676, stack(0x0000000016970000,0x0000000016a70000)]

Other Threads:
  0x0000000014ba8800 VMThread [stack: 0x0000000016870000,0x0000000016970000] [id=3740]
  0x0000000016c3e800 WatcherThread [stack: 0x0000000017670000,0x0000000017770000] [id=7656]

VM state:not at safepoint (normal execution)

VM Mutex/Monitor currently owned by a thread: None

Heap:
 PSYoungGen      total 38400K, used 22325K [0x00000000eab00000, 0x00000000ed580000, 0x0000000100000000)
  eden space 33280K, 51% used [0x00000000eab00000,0x00000000ebbd19d0,0x00000000ecb80000)
  from space 5120K, 99% used [0x00000000ed080000,0x00000000ed57bc60,0x00000000ed580000)
  to   space 5120K, 0% used [0x00000000ecb80000,0x00000000ecb80000,0x00000000ed080000)
 ParOldGen       total 87552K, used 6744K [0x00000000c0000000, 0x00000000c5580000, 0x00000000eab00000)
  object space 87552K, 7% used [0x00000000c0000000,0x00000000c06963d0,0x00000000c5580000)
 Metaspace       used 7157K, capacity 7896K, committed 8192K, reserved 1056768K
  class space    used 700K, capacity 720K, committed 768K, reserved 1048576K

Card table byte_map: [0x0000000011450000,0x0000000011660000] byte_map_base: 0x0000000010e50000

Marking Bits: (ParMarkBitMap*) 0x00000000532cd490
 Begin Bits: [0x0000000011fc0000, 0x0000000012fc0000)
 End Bits:   [0x0000000012fc0000, 0x0000000013fc0000)

Polling page: 0x00000000004c0000

CodeCache: size=245760Kb used=7543Kb max_used=7561Kb free=238216Kb
 bounds [0x0000000002090000, 0x0000000002800000, 0x0000000011090000]
 total_blobs=2529 nmethods=2245 adapters=198
 compilation: enabled

Compilation events (10 events):
Event: 1.036 Thread 0x0000000016ba7000 2253       3       java.security.MessageDigest::update (45 bytes)
Event: 1.037 Thread 0x0000000016ba7000 nmethod 2253 0x00000000027e9050 code [0x00000000027e91e0, 0x00000000027e95c8]
Event: 1.037 Thread 0x0000000016ba7000 2254       3       java.security.MessageDigest$Delegate::engineUpdate (11 bytes)
Event: 1.037 Thread 0x0000000016ba7000 nmethod 2254 0x00000000027e8bd0 code [0x00000000027e8d40, 0x00000000027e8f68]
Event: 1.045 Thread 0x0000000016ba7000 2255       3       java.util.zip.Adler32::update (51 bytes)
Event: 1.045 Thread 0x0000000016ba7000 nmethod 2255 0x00000000027ec490 code [0x00000000027ec620, 0x00000000027ec9e8]
Event: 1.049 Thread 0x0000000016ba7000 2257       3       java.nio.ByteBuffer::arrayOffset (35 bytes)
Event: 1.050 Thread 0x0000000016ba7000 nmethod 2257 0x00000000027ebed0 code [0x00000000027ec060, 0x00000000027ec358]
Event: 1.050 Thread 0x0000000016ba7000 2258       3       java.util.Formatter$Flags::contains (22 bytes)
Event: 1.050 Thread 0x0000000016ba7000 nmethod 2258 0x00000000027eba90 code [0x00000000027ebc00, 0x00000000027ebe10]

GC Heap History (4 events):
Event: 0.621 GC heap before
{Heap before GC invocations=1 (full 0):
 PSYoungGen      total 38400K, used 33280K [0x00000000eab00000, 0x00000000ed580000, 0x0000000100000000)
  eden space 33280K, 100% used [0x00000000eab00000,0x00000000ecb80000,0x00000000ecb80000)
  from space 5120K, 0% used [0x00000000ed080000,0x00000000ed080000,0x00000000ed580000)
  to   space 5120K, 0% used [0x00000000ecb80000,0x00000000ecb80000,0x00000000ed080000)
 ParOldGen       total 87552K, used 0K [0x00000000c0000000, 0x00000000c5580000, 0x00000000eab00000)
  object space 87552K, 0% used [0x00000000c0000000,0x00000000c0000000,0x00000000c5580000)
 Metaspace       used 5589K, capacity 6896K, committed 7040K, reserved 1056768K
  class space    used 548K, capacity 616K, committed 640K, reserved 1048576K
Event: 0.637 GC heap after
Heap after GC invocations=1 (full 0):
 PSYoungGen      total 38400K, used 5102K [0x00000000eab00000, 0x00000000ed580000, 0x0000000100000000)
  eden space 33280K, 0% used [0x00000000eab00000,0x00000000eab00000,0x00000000ecb80000)
  from space 5120K, 99% used [0x00000000ecb80000,0x00000000ed07bb58,0x00000000ed080000)
  to   space 5120K, 0% used [0x00000000ed080000,0x00000000ed080000,0x00000000ed580000)
 ParOldGen       total 87552K, used 1998K [0x00000000c0000000, 0x00000000c5580000, 0x00000000eab00000)
  object space 87552K, 2% used [0x00000000c0000000,0x00000000c01f3928,0x00000000c5580000)
 Metaspace       used 5589K, capacity 6896K, committed 7040K, reserved 1056768K
  class space    used 548K, capacity 616K, committed 640K, reserved 1048576K
}
Event: 0.981 GC heap before
{Heap before GC invocations=2 (full 0):
 PSYoungGen      total 38400K, used 38382K [0x00000000eab00000, 0x00000000ed580000, 0x0000000100000000)
  eden space 33280K, 100% used [0x00000000eab00000,0x00000000ecb80000,0x00000000ecb80000)
  from space 5120K, 99% used [0x00000000ecb80000,0x00000000ed07bb58,0x00000000ed080000)
  to   space 5120K, 0% used [0x00000000ed080000,0x00000000ed080000,0x00000000ed580000)
 ParOldGen       total 87552K, used 1998K [0x00000000c0000000, 0x00000000c5580000, 0x00000000eab00000)
  object space 87552K, 2% used [0x00000000c0000000,0x00000000c01f3928,0x00000000c5580000)
 Metaspace       used 7124K, capacity 7896K, committed 8192K, reserved 1056768K
  class space    used 699K, capacity 720K, committed 768K, reserved 1048576K
Event: 0.990 GC heap after
Heap after GC invocations=2 (full 0):
 PSYoungGen      total 38400K, used 5103K [0x00000000eab00000, 0x00000000ed580000, 0x0000000100000000)
  eden space 33280K, 0% used [0x00000000eab00000,0x00000000eab00000,0x00000000ecb80000)
  from space 5120K, 99% used [0x00000000ed080000,0x00000000ed57bc60,0x00000000ed580000)
  to   space 5120K, 0% used [0x00000000ecb80000,0x00000000ecb80000,0x00000000ed080000)
 ParOldGen       total 87552K, used 6744K [0x00000000c0000000, 0x00000000c5580000, 0x00000000eab00000)
  object space 87552K, 7% used [0x00000000c0000000,0x00000000c06963d0,0x00000000c5580000)
 Metaspace       used 7124K, capacity 7896K, committed 8192K, reserved 1056768K
  class space    used 699K, capacity 720K, committed 768K, reserved 1048576K
}

Deoptimization events (10 events):
Event: 0.771 Thread 0x00000000005ae000 Uncommon trap: reason=unreached action=reinterpret pc=0x0000000002386ca8 method=java.util.Arrays.copyOf([Ljava/lang/Object;ILjava/lang/Class;)[Ljava/lang/Object; @ 3
Event: 0.772 Thread 0x00000000005ae000 Uncommon trap: reason=class_check action=maybe_recompile pc=0x00000000025da7e8 method=java.util.HashMap.putVal(ILjava/lang/Object;Ljava/lang/Object;ZZ)Ljava/lang/Object; @ 56
Event: 0.772 Thread 0x00000000005ae000 Uncommon trap: reason=class_check action=maybe_recompile pc=0x00000000025da840 method=java.util.HashMap.putVal(ILjava/lang/Object;Ljava/lang/Object;ZZ)Ljava/lang/Object; @ 152
Event: 0.772 Thread 0x00000000005ae000 Uncommon trap: reason=class_check action=maybe_recompile pc=0x00000000025da7e8 method=java.util.HashMap.putVal(ILjava/lang/Object;Ljava/lang/Object;ZZ)Ljava/lang/Object; @ 56
Event: 0.823 Thread 0x00000000005ae000 Uncommon trap: reason=predicate action=maybe_recompile pc=0x000000000269ddd4 method=com.android.dex.Leb128.writeUnsignedLeb128(Lcom/android/dex/util/ByteOutput;I)V @ 9
Event: 0.840 Thread 0x00000000005ae000 Uncommon trap: reason=unreached action=reinterpret pc=0x00000000025dc99c method=java.util.HashMap.getNode(ILjava/lang/Object;)Ljava/util/HashMap$Node; @ 84
Event: 0.841 Thread 0x00000000005ae000 Uncommon trap: reason=unreached action=reinterpret pc=0x00000000025df7b8 method=java.util.HashMap.getNode(ILjava/lang/Object;)Ljava/util/HashMap$Node; @ 84
Event: 0.870 Thread 0x00000000005ae000 Uncommon trap: reason=predicate action=maybe_recompile pc=0x00000000026f0980 method=com.android.dex.Leb128.readUnsignedLeb128(Lcom/android/dex/util/ByteInput;)I @ 41
Event: 0.874 Thread 0x00000000005ae000 Uncommon trap: reason=unreached action=reinterpret pc=0x000000000266b650 method=java.util.HashMap.putVal(ILjava/lang/Object;Ljava/lang/Object;ZZ)Ljava/lang/Object; @ 109
Event: 0.921 Thread 0x00000000005ae000 Uncommon trap: reason=unreached action=reinterpret pc=0x0000000002663c8c method=java.util.HashMap.putVal(ILjava/lang/Object;Ljava/lang/Object;ZZ)Ljava/lang/Object; @ 109

Internal exceptions (10 events):
Event: 0.833 Thread 0x00000000005ae000 Exception <a 'java/security/PrivilegedActionException'> (0x00000000eb4de288) thrown at [D:\re\workspace\8-2-build-windows-amd64-cygwin\jdk8u25\1677\hotspot\src\share\vm\prims\jvm.cpp, line 1312]
Event: 0.833 Thread 0x00000000005ae000 Exception <a 'java/security/PrivilegedActionException'> (0x00000000eb4e1640) thrown at [D:\re\workspace\8-2-build-windows-amd64-cygwin\jdk8u25\1677\hotspot\src\share\vm\prims\jvm.cpp, line 1312]
Event: 0.834 Thread 0x00000000005ae000 Exception <a 'java/security/PrivilegedActionException'> (0x00000000eb4e4ad8) thrown at [D:\re\workspace\8-2-build-windows-amd64-cygwin\jdk8u25\1677\hotspot\src\share\vm\prims\jvm.cpp, line 1312]
Event: 0.835 Thread 0x00000000005ae000 Exception <a 'java/security/PrivilegedActionException'> (0x00000000eb4e8808) thrown at [D:\re\workspace\8-2-build-windows-amd64-cygwin\jdk8u25\1677\hotspot\src\share\vm\prims\jvm.cpp, line 1312]
Event: 0.835 Thread 0x00000000005ae000 Exception <a 'java/security/PrivilegedActionException'> (0x00000000eb4eb998) thrown at [D:\re\workspace\8-2-build-windows-amd64-cygwin\jdk8u25\1677\hotspot\src\share\vm\prims\jvm.cpp, line 1312]
Event: 0.835 Thread 0x00000000005ae000 Exception <a 'java/security/PrivilegedActionException'> (0x00000000eb4eece8) thrown at [D:\re\workspace\8-2-build-windows-amd64-cygwin\jdk8u25\1677\hotspot\src\share\vm\prims\jvm.cpp, line 1312]
Event: 0.836 Thread 0x00000000005ae000 Exception <a 'java/security/PrivilegedActionException'> (0x00000000eb4f2480) thrown at [D:\re\workspace\8-2-build-windows-amd64-cygwin\jdk8u25\1677\hotspot\src\share\vm\prims\jvm.cpp, line 1312]
Event: 0.838 Thread 0x00000000005ae000 Exception <a 'java/security/PrivilegedActionException'> (0x00000000eb4f9950) thrown at [D:\re\workspace\8-2-build-windows-amd64-cygwin\jdk8u25\1677\hotspot\src\share\vm\prims\jvm.cpp, line 1312]
Event: 0.838 Thread 0x00000000005ae000 Exception <a 'java/security/PrivilegedActionException'> (0x00000000eb4fbe50) thrown at [D:\re\workspace\8-2-build-windows-amd64-cygwin\jdk8u25\1677\hotspot\src\share\vm\prims\jvm.cpp, line 1312]
Event: 0.943 Thread 0x00000000005ae000 Exception <a 'java/security/PrivilegedActionException'> (0x00000000ec0e0f38) thrown at [D:\re\workspace\8-2-build-windows-amd64-cygwin\jdk8u25\1677\hotspot\src\share\vm\prims\jvm.cpp, line 1312]

Events (10 events):
Event: 0.949 Thread 0x00000000005ae000 DEOPT PACKING pc=0x0000000002726486 sp=0x0000000001eaedd0
Event: 0.949 Thread 0x00000000005ae000 DEOPT UNPACKING pc=0x00000000020d75bf sp=0x0000000001eaeaf0 mode 0
Event: 0.949 Thread 0x00000000005ae000 DEOPT PACKING pc=0x00000000026eb9e5 sp=0x0000000001eaedc0
Event: 0.949 Thread 0x00000000005ae000 DEOPT UNPACKING pc=0x00000000020d75bf sp=0x0000000001eaeaf0 mode 0
Event: 0.951 Thread 0x00000000005ae000 DEOPT PACKING pc=0x00000000026eb9e5 sp=0x0000000001eaedc0
Event: 0.951 Thread 0x00000000005ae000 DEOPT UNPACKING pc=0x00000000020d75bf sp=0x0000000001eaeaf0 mode 0
Event: 0.954 Thread 0x00000000005ae000 DEOPT PACKING pc=0x00000000026eb9e5 sp=0x0000000001eaedc0
Event: 0.954 Thread 0x00000000005ae000 DEOPT UNPACKING pc=0x00000000020d75bf sp=0x0000000001eaeaf0 mode 0
Event: 0.981 Executing VM operation: ParallelGCFailedAllocation
Event: 0.991 Executing VM operation: ParallelGCFailedAllocation done


Dynamic libraries:
0x00007ff7adae0000 - 0x00007ff7adb14000 	C:\Program Files\Java\jdk1.8.0_25\bin\java.exe
0x00007ffe62b60000 - 0x00007ffe62d0c000 	C:\Windows\SYSTEM32\ntdll.dll
0x00007ffe60320000 - 0x00007ffe6045e000 	C:\Windows\system32\KERNEL32.DLL
0x00007ffe5fd80000 - 0x00007ffe5fe95000 	C:\Windows\system32\KERNELBASE.dll
0x00007ffe5e830000 - 0x00007ffe5e8be000 	C:\Windows\system32\apphelp.dll
0x00007ffe51f20000 - 0x00007ffe51f73000 	C:\Windows\AppPatch\AppPatch64\AcGenral.DLL
0x00007ffe624d0000 - 0x00007ffe6257a000 	C:\Windows\system32\msvcrt.dll
0x00007ffe5fae0000 - 0x00007ffe5fb0e000 	C:\Windows\SYSTEM32\SspiCli.dll
0x00007ffe622b0000 - 0x00007ffe62304000 	C:\Windows\system32\SHLWAPI.dll
0x00007ffe61bf0000 - 0x00007ffe61d67000 	C:\Windows\system32\USER32.dll
0x00007ffe626d0000 - 0x00007ffe62864000 	C:\Windows\system32\ole32.dll
0x00007ffe60610000 - 0x00007ffe61b28000 	C:\Windows\system32\SHELL32.dll
0x00007ffe5f250000 - 0x00007ffe5f271000 	C:\Windows\SYSTEM32\USERENV.dll
0x00007ffe60210000 - 0x00007ffe602ba000 	C:\Windows\system32\ADVAPI32.dll
0x00007ffe56b60000 - 0x00007ffe56b7e000 	C:\Windows\SYSTEM32\MPR.dll
0x00007ffe62580000 - 0x00007ffe626c1000 	C:\Windows\system32\RPCRT4.dll
0x00007ffe61d70000 - 0x00007ffe61dc9000 	C:\Windows\SYSTEM32\sechost.dll
0x00007ffe61eb0000 - 0x00007ffe620c1000 	C:\Windows\SYSTEM32\combase.dll
0x00007ffe62370000 - 0x00007ffe624c1000 	C:\Windows\system32\GDI32.dll
0x00007ffe5fcb0000 - 0x00007ffe5fcc5000 	C:\Windows\SYSTEM32\profapi.dll
0x00007ffe5e490000 - 0x00007ffe5e542000 	C:\Windows\SYSTEM32\SHCORE.dll
0x00007ffe61df0000 - 0x00007ffe61e26000 	C:\Windows\system32\IMM32.DLL
0x00007ffe62a00000 - 0x00007ffe62b51000 	C:\Windows\system32\MSCTF.dll
0x00007ffe5dbd0000 - 0x00007ffe5de4b000 	C:\Windows\WinSxS\amd64_microsoft.windows.common-controls_6595b64144ccf1df_6.0.9600.17415_none_6240486fecbd8abb\COMCTL32.dll
0x0000000051ac0000 - 0x0000000051b92000 	C:\Program Files\Java\jdk1.8.0_25\jre\bin\msvcr100.dll
0x0000000052af0000 - 0x000000005334a000 	C:\Program Files\Java\jdk1.8.0_25\jre\bin\server\jvm.dll
0x00007ffe5de80000 - 0x00007ffe5de89000 	C:\Windows\SYSTEM32\WSOCK32.dll
0x00007ffe5d490000 - 0x00007ffe5d4b2000 	C:\Windows\SYSTEM32\WINMM.dll
0x00007ffe61e30000 - 0x00007ffe61e37000 	C:\Windows\system32\PSAPI.DLL
0x00007ffe602c0000 - 0x00007ffe6031a000 	C:\Windows\system32\WS2_32.dll
0x00007ffe5d3a0000 - 0x00007ffe5d3ca000 	C:\Windows\SYSTEM32\WINMMBASE.dll
0x00007ffe61de0000 - 0x00007ffe61de9000 	C:\Windows\system32\NSI.dll
0x00007ffe5ffb0000 - 0x00007ffe5ffff000 	C:\Windows\SYSTEM32\cfgmgr32.dll
0x00007ffe5ead0000 - 0x00007ffe5eaf8000 	C:\Windows\SYSTEM32\DEVOBJ.dll
0x0000000052ae0000 - 0x0000000052aef000 	C:\Program Files\Java\jdk1.8.0_25\jre\bin\verify.dll
0x0000000052ab0000 - 0x0000000052ad8000 	C:\Program Files\Java\jdk1.8.0_25\jre\bin\java.dll
0x0000000052a90000 - 0x0000000052aa6000 	C:\Program Files\Java\jdk1.8.0_25\jre\bin\zip.dll
0x00007ffe3ea20000 - 0x00007ffe3ebaa000 	C:\Windows\SYSTEM32\dbghelp.dll

VM Arguments:
jvm_args: -Xmx1024M -Dfile.encoding=windows-1252 -Duser.country=US -Duser.language=en -Duser.variant 
java_command: com.android.dx.command.Main --dex --output C:\Users\Filipe Teixeira\Dropbox\MEIC-A\Android Studio\AirDesk\app\build\intermediates\dex\debug C:\Users\Filipe Teixeira\Dropbox\MEIC-A\Android Studio\AirDesk\app\build\intermediates\classes\debug C:\Users\Filipe Teixeira\Dropbox\MEIC-A\Android Studio\AirDesk\app\build\intermediates\pre-dexed\debug\support-annotations-21.0.3-d777aad93ceac328891159396f80d982563135ed.jar C:\Users\Filipe Teixeira\Dropbox\MEIC-A\Android Studio\AirDesk\app\build\intermediates\pre-dexed\debug\internal_impl-21.0.3-858c9f933866b289983de79ea019a241807643d5.jar C:\Users\Filipe Teixeira\Dropbox\MEIC-A\Android Studio\AirDesk\app\build\intermediates\pre-dexed\debug\classes-7206de8a70b2bcafaead5434977500fe889b5c61.jar C:\Users\Filipe Teixeira\Dropbox\MEIC-A\Android Studio\AirDesk\app\build\intermediates\pre-dexed\debug\classes-77ad477cb0b3979515ac258db0d6ca651474185d.jar
java_class_path (initial): C:\Users\Filipe Teixeira\AppData\Local\Android\sdk\build-tools\21.1.2\lib\dx.jar
Launcher Type: SUN_STANDARD

Environment Variables:
JAVA_HOME=C:\Program Files\Java\jdk1.8.0_25
PATH=C:\ProgramData\Oracle\Java\javapath;C:\Program Files (x86)\NVIDIA Corporation\PhysX\Common;C:\Program Files\Microsoft MPI\Bin\;C:\Program Files (x86)\Intel\iCLS Client\;C:\Program Files\Intel\iCLS Client\;C:\Windows\system32;C:\Windows;C:\Windows\System32\Wbem;C:\Windows\System32\WindowsPowerShell\v1.0\;C:\Program Files\Intel\Intel(R) Management Engine Components\DAL;C:\Program Files\Intel\Intel(R) Management Engine Components\IPT;C:\Program Files (x86)\Intel\Intel(R) Management Engine Components\DAL;C:\Program Files (x86)\Intel\Intel(R) Management Engine Components\IPT;C:\MinGW\bin;C:\Ant\bin;C:\Program Files\Java\jdk1.8.0_25\bin;C:\UDDI\bin;C:\Program Files (x86)\Windows Kits\8.1\Windows Performance Toolkit\;C:\Program Files\Microsoft SQL Server\110\Tools\Binn\;C:\Program Files (x86)\Microsoft SDKs\TypeScript\1.0\;C:\Program Files\Microsoft SQL Server\120\Tools\Binn\;C:\Gradle\bin;C:\Users\Filipe Teixeira\AppData\Local\Android\sdk\platform-tools;
USERNAME=Filipe Teixeira
OS=Windows_NT
PROCESSOR_IDENTIFIER=Intel64 Family 6 Model 60 Stepping 3, GenuineIntel



---------------  S Y S T E M  ---------------

OS: Windows 8.1 , 64 bit Build 9600 

CPU:total 8 (4 cores per cpu, 2 threads per core) family 6 model 60 stepping 3, cmov, cx8, fxsr, mmx, sse, sse2, sse3, ssse3, sse4.1, sse4.2, popcnt, avx, avx2, aes, clmul, erms, lzcnt, ht, tsc, tscinvbit, bmi1, bmi2

Memory: 4k page, physical 8268804k(891232k free), swap 9317380k(6608k free)

vm_info: Java HotSpot(TM) 64-Bit Server VM (25.25-b02) for windows-amd64 JRE (1.8.0_25-b18), built on Oct  7 2014 14:25:37 by "java_re" with MS VC++ 10.0 (VS2010)

time: Sat Mar 21 12:21:28 2015
elapsed time: 1 seconds (0d 0h 0m 1s)

