#
# There is insufficient memory for the Java Runtime Environment to continue.
# Native memory allocation (malloc) failed to allocate 349856 bytes for Chunk::new
# Possible reasons:
#   The system is out of physical RAM or swap space
#   In 32 bit mode, the process size limit was hit
# Possible solutions:
#   Reduce memory load on the system
#   Increase physical memory or swap space
#   Check if swap backing store is full
#   Use 64 bit Java on a 64 bit OS
#   Decrease Java heap size (-Xmx/-Xms)
#   Decrease number of Java threads
#   Decrease Java thread stack sizes (-Xss)
#   Set larger code cache with -XX:ReservedCodeCacheSize=
# This output file may be truncated or incomplete.
#
#  Out of Memory Error (allocation.cpp:390), pid=1420, tid=1692
#
# JRE version: Java(TM) SE Runtime Environment (8.0_25-b18) (build 1.8.0_25-b18)
# Java VM: Java HotSpot(TM) 64-Bit Server VM (25.25-b02 mixed mode windows-amd64 compressed oops)
# Failed to write core dump. Minidumps are not enabled by default on client versions of Windows
#

---------------  T H R E A D  ---------------

Current thread (0x000000001765a800):  JavaThread "C2 CompilerThread1" daemon [_thread_in_native, id=1692, stack(0x0000000017d30000,0x0000000017e30000)]

Stack: [0x0000000017d30000,0x0000000017e30000]
Native frames: (J=compiled Java code, j=interpreted, Vv=VM code, C=native code)
V  [jvm.dll+0x31667a]


Current CompileTask:
C2:    355  844   !   4       com.android.dx.rop.code.RegisterSpec::intern (70 bytes)


---------------  P R O C E S S  ---------------

Java Threads: ( => current thread )
  0x00000000176f1800 JavaThread "Service Thread" daemon [_thread_blocked, id=1048, stack(0x0000000018030000,0x0000000018130000)]
  0x0000000017666800 JavaThread "C1 CompilerThread3" daemon [_thread_in_native, id=4620, stack(0x0000000017f30000,0x0000000018030000)]
  0x0000000017661800 JavaThread "C2 CompilerThread2" daemon [_thread_in_native, id=7552, stack(0x0000000017e30000,0x0000000017f30000)]
=>0x000000001765a800 JavaThread "C2 CompilerThread1" daemon [_thread_in_native, id=1692, stack(0x0000000017d30000,0x0000000017e30000)]
  0x0000000017657000 JavaThread "C2 CompilerThread0" daemon [_thread_blocked, id=4964, stack(0x0000000017c30000,0x0000000017d30000)]
  0x0000000017655800 JavaThread "Attach Listener" daemon [_thread_blocked, id=8116, stack(0x0000000017b30000,0x0000000017c30000)]
  0x0000000017655000 JavaThread "Signal Dispatcher" daemon [_thread_blocked, id=6064, stack(0x0000000017a30000,0x0000000017b30000)]
  0x0000000002b28800 JavaThread "Finalizer" daemon [_thread_blocked, id=3828, stack(0x0000000017530000,0x0000000017630000)]
  0x0000000002b22000 JavaThread "Reference Handler" daemon [_thread_blocked, id=5004, stack(0x0000000017430000,0x0000000017530000)]
  0x000000000291e000 JavaThread "main" [_thread_in_native, id=5916, stack(0x0000000002930000,0x0000000002a30000)]

Other Threads:
  0x0000000015648800 VMThread [stack: 0x0000000017330000,0x0000000017430000] [id=3968]
  0x00000000176f2800 WatcherThread [stack: 0x0000000018130000,0x0000000018230000] [id=5960]

VM state:not at safepoint (normal execution)

VM Mutex/Monitor currently owned by a thread: None

Heap:
 PSYoungGen      total 38400K, used 14909K [0x00000000eab00000, 0x00000000ed580000, 0x0000000100000000)
  eden space 33280K, 44% used [0x00000000eab00000,0x00000000eb98f7d8,0x00000000ecb80000)
  from space 5120K, 0% used [0x00000000ed080000,0x00000000ed080000,0x00000000ed580000)
  to   space 5120K, 0% used [0x00000000ecb80000,0x00000000ecb80000,0x00000000ed080000)
 ParOldGen       total 87552K, used 0K [0x00000000c0000000, 0x00000000c5580000, 0x00000000eab00000)
  object space 87552K, 0% used [0x00000000c0000000,0x00000000c0000000,0x00000000c5580000)
 Metaspace       used 5347K, capacity 6704K, committed 6784K, reserved 1056768K
  class space    used 547K, capacity 616K, committed 640K, reserved 1048576K

Card table byte_map: [0x0000000011ef0000,0x0000000012100000] byte_map_base: 0x00000000118f0000

Marking Bits: (ParMarkBitMap*) 0x00000000532cd490
 Begin Bits: [0x0000000012a60000, 0x0000000013a60000)
 End Bits:   [0x0000000013a60000, 0x0000000014a60000)

Polling page: 0x0000000001260000

CodeCache: size=245760Kb used=3142Kb max_used=3154Kb free=242617Kb
 bounds [0x0000000002b30000, 0x0000000002e50000, 0x0000000011b30000]
 total_blobs=1093 nmethods=833 adapters=174
 compilation: enabled

Compilation events (10 events):
Event: 0.346 Thread 0x0000000017666800 nmethod 840 0x0000000002e41690 code [0x0000000002e41c40, 0x0000000002e463d8]
Event: 0.346 Thread 0x0000000017666800  839   !   3       com.android.dx.cf.code.RopperMachine::run (1550 bytes)
Event: 0.347 Thread 0x0000000017661800  845       4       java.util.Arrays::copyOf (46 bytes)
Event: 0.347 Thread 0x0000000017657000  846       4       java.util.BitSet::clear (70 bytes)
Event: 0.348 Thread 0x0000000017661800 nmethod 845 0x0000000002e35e50 code [0x0000000002e35fa0, 0x0000000002e36138]
Event: 0.348 Thread 0x0000000017657000 nmethod 846 0x0000000002e3f2d0 code [0x0000000002e3f420, 0x0000000002e3f538]
Event: 0.352 Thread 0x0000000017661800  854       4       com.android.dx.util.MutabilityControl::<init> (10 bytes)
Event: 0.352 Thread 0x0000000017657000  855  s    4       java.util.Vector::add (39 bytes)
Event: 0.352 Thread 0x0000000017661800 nmethod 854 0x0000000002ddfc50 code [0x0000000002ddfd80, 0x0000000002ddfdd8]
Event: 0.354 Thread 0x0000000017661800  856       4       com.android.dx.ssa.NormalSsaInsn::hasSideEffect (76 bytes)

GC Heap History (0 events):
No events

Deoptimization events (0 events):
No events

Internal exceptions (10 events):
Event: 0.269 Thread 0x000000000291e000 Exception <a 'java/security/PrivilegedActionException'> (0x00000000eb51fed8) thrown at [D:\re\workspace\8-2-build-windows-amd64-cygwin\jdk8u25\1677\hotspot\src\share\vm\prims\jvm.cpp, line 1312]
Event: 0.270 Thread 0x000000000291e000 Exception <a 'java/security/PrivilegedActionException'> (0x00000000eb5271b0) thrown at [D:\re\workspace\8-2-build-windows-amd64-cygwin\jdk8u25\1677\hotspot\src\share\vm\prims\jvm.cpp, line 1312]
Event: 0.274 Thread 0x000000000291e000 Exception <a 'java/security/PrivilegedActionException'> (0x00000000eb54b388) thrown at [D:\re\workspace\8-2-build-windows-amd64-cygwin\jdk8u25\1677\hotspot\src\share\vm\prims\jvm.cpp, line 1312]
Event: 0.285 Thread 0x000000000291e000 Exception <a 'java/security/PrivilegedActionException'> (0x00000000eb5cb450) thrown at [D:\re\workspace\8-2-build-windows-amd64-cygwin\jdk8u25\1677\hotspot\src\share\vm\prims\jvm.cpp, line 1312]
Event: 0.286 Thread 0x000000000291e000 Exception <a 'java/security/PrivilegedActionException'> (0x00000000eb5d0588) thrown at [D:\re\workspace\8-2-build-windows-amd64-cygwin\jdk8u25\1677\hotspot\src\share\vm\prims\jvm.cpp, line 1312]
Event: 0.286 Thread 0x000000000291e000 Exception <a 'java/security/PrivilegedActionException'> (0x00000000eb5d2d78) thrown at [D:\re\workspace\8-2-build-windows-amd64-cygwin\jdk8u25\1677\hotspot\src\share\vm\prims\jvm.cpp, line 1312]
Event: 0.286 Thread 0x000000000291e000 Exception <a 'java/security/PrivilegedActionException'> (0x00000000eb5d5cd8) thrown at [D:\re\workspace\8-2-build-windows-amd64-cygwin\jdk8u25\1677\hotspot\src\share\vm\prims\jvm.cpp, line 1312]
Event: 0.289 Thread 0x000000000291e000 Exception <a 'java/security/PrivilegedActionException'> (0x00000000eb5f6f28) thrown at [D:\re\workspace\8-2-build-windows-amd64-cygwin\jdk8u25\1677\hotspot\src\share\vm\prims\jvm.cpp, line 1312]
Event: 0.325 Thread 0x000000000291e000 Exception <a 'java/security/PrivilegedActionException'> (0x00000000eb7d5018) thrown at [D:\re\workspace\8-2-build-windows-amd64-cygwin\jdk8u25\1677\hotspot\src\share\vm\prims\jvm.cpp, line 1312]
Event: 0.336 Thread 0x000000000291e000 Exception <a 'java/security/PrivilegedActionException'> (0x00000000eb870858) thrown at [D:\re\workspace\8-2-build-windows-amd64-cygwin\jdk8u25\1677\hotspot\src\share\vm\prims\jvm.cpp, line 1312]

Events (10 events):
Event: 0.289 loading class com/android/dx/dex/file/MethodAnnotationStruct
Event: 0.289 loading class com/android/dx/dex/file/MethodAnnotationStruct done
Event: 0.313 loading class java/util/ArrayList$1
Event: 0.313 loading class java/util/ArrayList$1 done
Event: 0.325 loading class com/android/dx/cf/code/SwitchList
Event: 0.325 loading class com/android/dx/cf/code/SwitchList done
Event: 0.329 Executing VM operation: ForceSafepoint
Event: 0.329 Executing VM operation: ForceSafepoint done
Event: 0.336 loading class com/android/dx/dex/file/FieldAnnotationStruct
Event: 0.336 loading class com/android/dx/dex/file/FieldAnnotationStruct done


Dynamic libraries:
0x00007ff61faf0000 - 0x00007ff61fb24000 	C:\Program Files\Java\jdk1.8.0_25\bin\java.exe
0x00007ffe62b60000 - 0x00007ffe62d0c000 	C:\Windows\SYSTEM32\ntdll.dll
0x00007ffe60320000 - 0x00007ffe6045e000 	C:\Windows\system32\KERNEL32.DLL
0x00007ffe5fd80000 - 0x00007ffe5fe95000 	C:\Windows\system32\KERNELBASE.dll
0x00007ffe5e830000 - 0x00007ffe5e8be000 	C:\Windows\system32\apphelp.dll
0x00007ffe4f480000 - 0x00007ffe4f4d3000 	C:\Windows\AppPatch\AppPatch64\AcGenral.DLL
0x00007ffe624d0000 - 0x00007ffe6257a000 	C:\Windows\system32\msvcrt.dll
0x00007ffe5fae0000 - 0x00007ffe5fb0e000 	C:\Windows\SYSTEM32\SspiCli.dll
0x00007ffe622b0000 - 0x00007ffe62304000 	C:\Windows\system32\SHLWAPI.dll
0x00007ffe61bf0000 - 0x00007ffe61d67000 	C:\Windows\system32\USER32.dll
0x00007ffe626d0000 - 0x00007ffe62864000 	C:\Windows\system32\ole32.dll
0x00007ffe60610000 - 0x00007ffe61b28000 	C:\Windows\system32\SHELL32.dll
0x00007ffe5f250000 - 0x00007ffe5f271000 	C:\Windows\SYSTEM32\USERENV.dll
0x00007ffe60210000 - 0x00007ffe602ba000 	C:\Windows\system32\ADVAPI32.dll
0x00007ffe56b60000 - 0x00007ffe56b7e000 	C:\Windows\SYSTEM32\MPR.dll
0x00007ffe62580000 - 0x00007ffe626c1000 	C:\Windows\system32\RPCRT4.dll
0x00007ffe61d70000 - 0x00007ffe61dc9000 	C:\Windows\SYSTEM32\sechost.dll
0x00007ffe61eb0000 - 0x00007ffe620c1000 	C:\Windows\SYSTEM32\combase.dll
0x00007ffe62370000 - 0x00007ffe624c1000 	C:\Windows\system32\GDI32.dll
0x00007ffe5fcb0000 - 0x00007ffe5fcc5000 	C:\Windows\SYSTEM32\profapi.dll
0x00007ffe5e490000 - 0x00007ffe5e542000 	C:\Windows\SYSTEM32\SHCORE.dll
0x00007ffe61df0000 - 0x00007ffe61e26000 	C:\Windows\system32\IMM32.DLL
0x00007ffe62a00000 - 0x00007ffe62b51000 	C:\Windows\system32\MSCTF.dll
0x00007ffe5dbd0000 - 0x00007ffe5de4b000 	C:\Windows\WinSxS\amd64_microsoft.windows.common-controls_6595b64144ccf1df_6.0.9600.17415_none_6240486fecbd8abb\COMCTL32.dll
0x0000000052670000 - 0x0000000052742000 	C:\Program Files\Java\jdk1.8.0_25\jre\bin\msvcr100.dll
0x0000000052af0000 - 0x000000005334a000 	C:\Program Files\Java\jdk1.8.0_25\jre\bin\server\jvm.dll
0x00007ffe5dfb0000 - 0x00007ffe5dfb9000 	C:\Windows\SYSTEM32\WSOCK32.dll
0x00007ffe5d490000 - 0x00007ffe5d4b2000 	C:\Windows\SYSTEM32\WINMM.dll
0x00007ffe61e30000 - 0x00007ffe61e37000 	C:\Windows\system32\PSAPI.DLL
0x00007ffe602c0000 - 0x00007ffe6031a000 	C:\Windows\system32\WS2_32.dll
0x00007ffe5d3a0000 - 0x00007ffe5d3ca000 	C:\Windows\SYSTEM32\WINMMBASE.dll
0x00007ffe61de0000 - 0x00007ffe61de9000 	C:\Windows\system32\NSI.dll
0x00007ffe5ffb0000 - 0x00007ffe5ffff000 	C:\Windows\SYSTEM32\cfgmgr32.dll
0x00007ffe5ead0000 - 0x00007ffe5eaf8000 	C:\Windows\SYSTEM32\DEVOBJ.dll
0x0000000052ae0000 - 0x0000000052aef000 	C:\Program Files\Java\jdk1.8.0_25\jre\bin\verify.dll
0x0000000052ab0000 - 0x0000000052ad8000 	C:\Program Files\Java\jdk1.8.0_25\jre\bin\java.dll
0x0000000052a90000 - 0x0000000052aa6000 	C:\Program Files\Java\jdk1.8.0_25\jre\bin\zip.dll

VM Arguments:
jvm_args: -Xmx1024M -Dfile.encoding=windows-1252 -Duser.country=US -Duser.language=en -Duser.variant 
java_command: com.android.dx.command.Main --dex --output C:\Users\Filipe Teixeira\Dropbox\MEIC-A\Android Studio\AirDesk\app\build\intermediates\dex\debug C:\Users\Filipe Teixeira\Dropbox\MEIC-A\Android Studio\AirDesk\app\build\intermediates\classes\debug C:\Users\Filipe Teixeira\Dropbox\MEIC-A\Android Studio\AirDesk\app\build\intermediates\pre-dexed\debug\support-annotations-21.0.3-d777aad93ceac328891159396f80d982563135ed.jar C:\Users\Filipe Teixeira\Dropbox\MEIC-A\Android Studio\AirDesk\app\build\intermediates\pre-dexed\debug\internal_impl-21.0.3-858c9f933866b289983de79ea019a241807643d5.jar C:\Users\Filipe Teixeira\Dropbox\MEIC-A\Android Studio\AirDesk\app\build\intermediates\pre-dexed\debug\classes-7206de8a70b2bcafaead5434977500fe889b5c61.jar C:\Users\Filipe Teixeira\Dropbox\MEIC-A\Android Studio\AirDesk\app\build\intermediates\pre-dexed\debug\classes-77ad477cb0b3979515ac258db0d6ca651474185d.jar
java_class_path (initial): C:\Users\Filipe Teixeira\AppData\Local\Android\sdk\build-tools\21.1.2\lib\dx.jar
Launcher Type: SUN_STANDARD

Environment Variables:
JAVA_HOME=C:\Program Files\Java\jdk1.8.0_25
PATH=C:\ProgramData\Oracle\Java\javapath;C:\Program Files (x86)\NVIDIA Corporation\PhysX\Common;C:\Program Files\Microsoft MPI\Bin\;C:\Program Files (x86)\Intel\iCLS Client\;C:\Program Files\Intel\iCLS Client\;C:\Windows\system32;C:\Windows;C:\Windows\System32\Wbem;C:\Windows\System32\WindowsPowerShell\v1.0\;C:\Program Files\Intel\Intel(R) Management Engine Components\DAL;C:\Program Files\Intel\Intel(R) Management Engine Components\IPT;C:\Program Files (x86)\Intel\Intel(R) Management Engine Components\DAL;C:\Program Files (x86)\Intel\Intel(R) Management Engine Components\IPT;C:\MinGW\bin;C:\Ant\bin;C:\Program Files\Java\jdk1.8.0_25\bin;C:\UDDI\bin;C:\Program Files (x86)\Windows Kits\8.1\Windows Performance Toolkit\;C:\Program Files\Microsoft SQL Server\110\Tools\Binn\;C:\Program Files (x86)\Microsoft SDKs\TypeScript\1.0\;C:\Program Files\Microsoft SQL Server\120\Tools\Binn\;C:\Gradle\bin;C:\Users\Filipe Teixeira\AppData\Local\Android\sdk\platform-tools;
USERNAME=Filipe Teixeira
OS=Windows_NT
PROCESSOR_IDENTIFIER=Intel64 Family 6 Model 60 Stepping 3, GenuineIntel



---------------  S Y S T E M  ---------------

OS: Windows 8.1 , 64 bit Build 9600 

CPU:total 8 (4 cores per cpu, 2 threads per core) family 6 model 60 stepping 3, cmov, cx8, fxsr, mmx, sse, sse2, sse3, ssse3, sse4.1, sse4.2, popcnt, avx, avx2, aes, clmul, erms, lzcnt, ht, tsc, tscinvbit, bmi1, bmi2

Memory: 4k page, physical 8268804k(952808k free), swap 9317380k(4648k free)

vm_info: Java HotSpot(TM) 64-Bit Server VM (25.25-b02) for windows-amd64 JRE (1.8.0_25-b18), built on Oct  7 2014 14:25:37 by "java_re" with MS VC++ 10.0 (VS2010)

time: Thu Mar 19 18:46:05 2015
elapsed time: 0 seconds (0d 0h 0m 0s)

